2025-04-05 12:37:56,731 - nykaa_crawler - INFO - Starting Nykaa Fashion crawler
2025-04-05 12:37:56,736 - WDM - INFO - ====== WebDriver manager ======
2025-04-05 12:37:57,217 - WDM - INFO - Get LATEST chromedriver version for google-chrome
2025-04-05 12:37:57,469 - WDM - INFO - Get LATEST chromedriver version for google-chrome
2025-04-05 12:37:57,688 - WDM - INFO - Driver [/Users/apple/.wdm/drivers/chromedriver/mac64/134.0.6998.165/chromedriver-mac-x64/chromedriver] found in cache
2025-04-05 12:37:59,865 - nykaa_crawler - INFO - Loading homepage
2025-04-05 12:38:08,249 - nykaa_crawler - INFO - Looking for category links...
2025-04-05 12:38:09,370 - nykaa_crawler - INFO - Found 165 category links
2025-04-05 12:38:09,370 - nykaa_crawler - INFO - Visiting category 1/5: https://www.nykaafashion.com/women/c/6557?root=topnav_1
2025-04-05 12:38:28,018 - nykaa_crawler - INFO - Found product URL: https://www.nykaafashion.com/athena-women-pink-floral-printed-a-line-dress/p/16467137
2025-04-05 12:38:28,024 - nykaa_crawler - INFO - Found product URL: https://www.nykaafashion.com/mabish-by-sonal-jain-pink-crop-top-with-draped-skirt-and-cape-set-of-3/p/18431713
2025-04-05 12:38:28,029 - nykaa_crawler - INFO - Found product URL: https://www.nykaafashion.com/nykd-by-nykaa-ultimate-strapless-bra-black-nyb027/p/3829291
2025-04-05 12:38:28,034 - nykaa_crawler - INFO - Found product URL: https://www.nykaafashion.com/anjaneya-sarees-orange-woven-designer-cotton-silk-kanjivaram-saree-with-unstitched/p/18557143
2025-04-05 12:38:28,040 - nykaa_crawler - INFO - Found product URL: https://www.nykaafashion.com/nykd-by-nykaa-soft-cup-easy-peasy-slip-on-cami-bra-with-full-coverage-cuban-sand-nyb165/p/3986885
2025-04-05 12:38:28,046 - nykaa_crawler - INFO - Found product URL: https://www.nykaafashion.com/cider-woven-halter-pearl-button-crop-vest/p/19852641
2025-04-05 12:38:28,052 - nykaa_crawler - INFO - Found product URL: https://www.nykaafashion.com/lush-glam-sophisticated-embroidered-kurta-pant-with-dupatta-set-of-3/p/18410021
2025-04-05 12:38:28,058 - nykaa_crawler - INFO - Found product URL: https://www.nykaafashion.com/akhilam-womens-georgette-black-embellished-designer-saree-with-unstitched/p/17176390
2025-04-05 12:38:28,066 - nykaa_crawler - INFO - Found product URL: https://www.nykaafashion.com/ganga-fashions-fog-beige-woven-kurta-and-contrast-dupatta-with-hand-work-detailing-set-of-3/p/11932856
2025-04-05 12:38:28,072 - nykaa_crawler - INFO - Found product URL: https://www.nykaafashion.com/styli-three-fourth-sleeve-schiffli-shirt-midi-dress/p/12008785
2025-04-05 12:38:28,077 - nykaa_crawler - INFO - Found product URL: https://www.nykaafashion.com/kvs-fab-navy-blue-zari-sequence-a-line-kurta-with-trouser-dupatta-set-of-3/p/17411093
2025-04-05 12:38:28,084 - nykaa_crawler - INFO - Found product URL: https://www.nykaafashion.com/black-scissor-embellished-kurta-with-pant-dupatta-set-of-3/p/14996857
2025-04-05 12:38:28,091 - nykaa_crawler - INFO - Found product URL: https://www.nykaafashion.com/gahan-cotton-blend-animal-printed-white-kaftan-style-co-ord-set-of-2/p/18523757
2025-04-05 12:38:28,099 - nykaa_crawler - INFO - Found product URL: https://www.nykaafashion.com/autumnlane-tuhina-azure-applique-co-ord-set-of-2/p/12127695
2025-04-05 12:38:28,105 - nykaa_crawler - INFO - Found product URL: https://www.nykaafashion.com/nykd-by-nykaa-easy-breezy-slip-on-bra-nyb165-lavender/p/17349947
2025-04-05 12:38:28,111 - nykaa_crawler - INFO - Found product URL: https://www.nykaafashion.com/house-of-jamoti-pikes-spades-cotton-kurta-with-pant-and-inner-set-of-3/p/17677041
2025-04-05 12:38:28,118 - nykaa_crawler - INFO - Found product URL: https://www.nykaafashion.com/rain-rainbow-women-fuchsia-print-paisley-printed-straight-pure-cotton-kurta/p/17204343
2025-04-05 12:38:28,124 - nykaa_crawler - INFO - Found product URL: https://www.nykaafashion.com/styli-regular-fit-exposed-seam-detail-ribbed-t-shirt/p/12190113
2025-04-05 12:38:28,130 - nykaa_crawler - INFO - Found product URL: https://www.nykaafashion.com/jatriqq-attractive-wine-fendy-silk-saree-with-unstitched/p/16310473
2025-04-05 12:38:28,136 - nykaa_crawler - INFO - Found product URL: https://www.nykaafashion.com/ahika-women-yellow-silk-blend-embroidered-flared-kurta-set-of-3/p/13612884
2025-04-05 12:38:28,143 - nykaa_crawler - INFO - Found product URL: https://www.nykaafashion.com/chhabra-555-cream-embroidered-flared-crop-top-and-palazzo-with-shrug-set-of-3/p/16593876
2025-04-05 12:38:28,150 - nykaa_crawler - INFO - Found product URL: https://www.nykaafashion.com/the-svaya-brown-cotton-a-line-dress/p/17447401
2025-04-05 12:38:28,155 - nykaa_crawler - INFO - Found product URL: https://www.nykaafashion.com/akhilam-women-organza-beige-embellished-designer-saree-with-unstitched-blouse-with-unstitched/p/18309763
2025-04-05 12:38:28,162 - nykaa_crawler - INFO - Found product URL: https://www.nykaafashion.com/mabish-by-sonal-jain-strappy-box-pleat-navy-blue-dress/p/16298184
2025-04-05 12:38:28,168 - nykaa_crawler - INFO - Found product URL: https://www.nykaafashion.com/breathe-cotton-padded-wireless-triangle-tshirt-bra-3-4th-coverage-maroon-nyb003/p/834630
2025-04-05 12:38:28,174 - nykaa_crawler - INFO - Found product URL: https://www.nykaafashion.com/styli-womens-white-embellished-drop-braided-sling-bag/p/15441917
2025-04-05 12:38:28,180 - nykaa_crawler - INFO - Found product URL: https://www.nykaafashion.com/rain-rainbow-women-green-floral-printed-pure-cotton-empire-top/p/17293300
2025-04-05 12:38:28,185 - nykaa_crawler - INFO - Found product URL: https://www.nykaafashion.com/fashor-ethnic-ajrakh-printed-kurta-with-pant-dupatta-rust-set-of-3/p/15442781
2025-04-05 12:38:28,204 - nykaa_crawler - INFO - Found product URL: https://www.nykaafashion.com/dl-woman-rust-full-sleeves-oversized-solid-casual-shirt/p/16046784
2025-04-05 12:38:28,210 - nykaa_crawler - INFO - Found product URL: https://www.nykaafashion.com/black-scissor-georgette-floral-printed-flared-anarkali-kurta-with-pant-and-dupatta-set-of-3/p/16670579
2025-04-05 12:38:28,215 - nykaa_crawler - INFO - Found product URL: https://www.nykaafashion.com/twenty-dresses-by-nykaa-fashion-fuchsia-pink-wrap-v-neck-top-high-waist-pant-co-ord-set-of-2/p/14910470
2025-04-05 12:38:28,221 - nykaa_crawler - INFO - Found product URL: https://www.nykaafashion.com/vbuyz-women-floral-print-cotton-maroon-stitched-kurta-pant-with-dupatta-set-of-3/p/13221210
2025-04-05 12:38:28,226 - nykaa_crawler - INFO - Found product URL: https://www.nykaafashion.com/nykd-by-nykaa-super-support-bra/p/3986901
2025-04-05 12:38:28,231 - nykaa_crawler - INFO - Found product URL: https://www.nykaafashion.com/styli-women-s-grey-cotton-french-terry-slim-fit-joggers-with-hem-slit/p/14536048
2025-04-05 12:38:28,237 - nykaa_crawler - INFO - Found product URL: https://www.nykaafashion.com/nykd-by-nykaa-easy-breezy-slip-on-bra-flint-nyb165-xs/p/7105520
2025-04-05 12:38:28,243 - nykaa_crawler - INFO - Found product URL: https://www.nykaafashion.com/akhilam-blue-women-s-georgette-embellished-saree-with-unstitched-blouse/p/18993239
2025-04-05 12:38:28,248 - nykaa_crawler - INFO - Found product URL: https://www.nykaafashion.com/cover-story-yellow-floral-maxi-dress/p/10637095
2025-04-05 12:38:28,253 - nykaa_crawler - INFO - Found product URL: https://www.nykaafashion.com/gillori-sitara-wine-gold-printed-suit-set-of-3/p/4986567
2025-04-05 12:38:28,315 - nykaa_crawler - INFO - Visiting category 2/5: https://www.nykaafashion.com/men/c/6823?root=topnav_1
2025-04-05 12:38:42,018 - nykaa_crawler - INFO - Found product URL: https://www.nykaafashion.com/calvin-klein-multi-color-hip-briefs-pack-of-3/p/19057220
2025-04-05 12:38:42,026 - nykaa_crawler - INFO - Found product URL: https://www.nykaafashion.com/the-bear-house-mens-brown-relaxed-fit-casual-shirt/p/15982909
2025-04-05 12:38:42,033 - nykaa_crawler - INFO - Found product URL: https://www.nykaafashion.com/styli-men-dark-blue-balloon-fit-dark-wash-denim/p/16683295
2025-04-05 12:38:42,041 - nykaa_crawler - INFO - Found product URL: https://www.nykaafashion.com/the-souled-store-solid-brown-men-utility-shirt/p/15768452
2025-04-05 12:38:42,049 - nykaa_crawler - INFO - Found product URL: https://www.nykaafashion.com/the-souled-store-urban-blaze-latte-men-low-top-sneakers/p/17067033
2025-04-05 12:38:42,058 - nykaa_crawler - INFO - Found product URL: https://www.nykaafashion.com/puma-suede-faded-unisex-orange-sneakers/p/19405318
2025-04-05 12:38:42,066 - nykaa_crawler - INFO - Found product URL: https://www.nykaafashion.com/urbano-fashion-mens-brown-loose-fit-washed-jeans-non-stretchable/p/14438927
2025-04-05 12:38:42,072 - nykaa_crawler - INFO - Found product URL: https://www.nykaafashion.com/campus-sutra-mens-crimson-red-midnight-black-paisley-flora-shirt/p/15183812
2025-04-05 12:38:42,081 - nykaa_crawler - INFO - Found product URL: https://www.nykaafashion.com/u-s-polo-assn-black-pure-cotton-oex04-boxer-shorts/p/17435997
2025-04-05 12:38:42,090 - nykaa_crawler - INFO - Found product URL: https://www.nykaafashion.com/bullmer-black-brick-printed-cotton-blend-crew-neck-half-sleeve-t-shirts-pack-of-2/p/17742485
2025-04-05 12:38:42,099 - nykaa_crawler - INFO - Found product URL: https://www.nykaafashion.com/the-indian-garage-co-men-baggy-solid-mid-rise-stretchable-jeans-navy-blue/p/19432325
2025-04-05 12:38:42,107 - nykaa_crawler - INFO - Found product URL: https://www.nykaafashion.com/perch-men-sage-green-stripes-linen-shirt/p/17429108
2025-04-05 12:38:42,114 - nykaa_crawler - INFO - Found product URL: https://www.nykaafashion.com/u-s-polo-assn-denim-co-regallo-skinny-fit-jeans/p/9279991
2025-04-05 12:38:42,120 - nykaa_crawler - INFO - Found product URL: https://www.nykaafashion.com/rigo-men-black-waffle-knit-solidt-shirt/p/13140974
2025-04-05 12:38:42,173 - nykaa_crawler - INFO - Found product URL: https://www.nykaafashion.com/the-souled-store-original-tropical-beat-men-printed-shirts/p/14282645
2025-04-05 12:38:42,182 - nykaa_crawler - INFO - Found product URL: https://www.nykaafashion.com/style-quotient-men-black-relaxed-fit-mid-rise-cargos/p/16050939
2025-04-05 12:38:42,190 - nykaa_crawler - INFO - Found product URL: https://www.nykaafashion.com/cantabil-men-green-polo-t-shirt/p/10915004
2025-04-05 12:38:42,198 - nykaa_crawler - INFO - Found product URL: https://www.nykaafashion.com/american-eagle-men-green-flex-12-inches-lived-in-longer-length-cargo-shorts/p/16518874
2025-04-05 12:38:42,207 - nykaa_crawler - INFO - Found product URL: https://www.nykaafashion.com/bewakoof-official-harry-potter-merchandise-men-s-black-crest-mark-oversized-acid-wash-t-shirt/p/14609813
2025-04-05 12:38:42,214 - nykaa_crawler - INFO - Found product URL: https://www.nykaafashion.com/louis-philippe-grey-trousers/p/7006818
2025-04-05 12:38:42,223 - nykaa_crawler - INFO - Found product URL: https://www.nykaafashion.com/jockey-lightweight-microfiber-solid-tank-top-white/p/16600018
2025-04-05 12:38:42,231 - nykaa_crawler - INFO - Found product URL: https://www.nykaafashion.com/high-star-men-relaxed-fit-mid-rise-clean-look-light-fade-stretchable-jeans/p/16301921
2025-04-05 12:38:42,239 - nykaa_crawler - INFO - Found product URL: https://www.nykaafashion.com/styli-balloon-fit-jeans-with-pockets-blue/p/11967878
2025-04-05 12:38:42,247 - nykaa_crawler - INFO - Found product URL: https://www.nykaafashion.com/campus-sutra-mens-tartan-plaid-button-up-shirt/p/12007913
2025-04-05 12:38:42,256 - nykaa_crawler - INFO - Found product URL: https://www.nykaafashion.com/voyage-black-round-sunglasses-2038mg3051/p/6309679
2025-04-05 12:38:42,263 - nykaa_crawler - INFO - Found product URL: https://www.nykaafashion.com/puma-smashic-unisex-white-sneakers/p/9750191
2025-04-05 12:38:42,269 - nykaa_crawler - INFO - Found product URL: https://www.nykaafashion.com/bullmer-green-striped-polo-neck-t-shirt-with-rib-for-men/p/17479961
2025-04-05 12:38:42,276 - nykaa_crawler - INFO - Found product URL: https://www.nykaafashion.com/the-souled-store-official-popeye-sailor-legend-men-blue-boxer-shorts/p/14072606
2025-04-05 12:38:42,283 - nykaa_crawler - INFO - Found product URL: https://www.nykaafashion.com/the-bear-house-men-blue-cotton-relaxed-fit-casual-shirt/p/18853470
2025-04-05 12:38:42,291 - nykaa_crawler - INFO - Found product URL: https://www.nykaafashion.com/american-eagle-men-blue-airflex-skinny-jean/p/13795189
2025-04-05 12:38:42,297 - nykaa_crawler - INFO - Found product URL: https://www.nykaafashion.com/u-s-polo-assn-denim-co-mens-brown-solid-polo-t-shirt/p/17012466
2025-04-05 12:38:42,305 - nykaa_crawler - INFO - Found product URL: https://www.nykaafashion.com/urbano-fashion-mens-olive-green-loose-fit-washed-jeans-non-stretchable/p/14438934
2025-04-05 12:38:42,312 - nykaa_crawler - INFO - Found product URL: https://www.nykaafashion.com/u-s-polo-assn-printed-collar-pure-cotton-polo-t-shirt/p/13912784
2025-04-05 12:38:42,318 - nykaa_crawler - INFO - Found product URL: https://www.nykaafashion.com/styli-men-s-dark-grey-cotton-mid-wash-balloon-fit-knee-dart-jeans/p/15065721
2025-04-05 12:38:42,325 - nykaa_crawler - INFO - Found product URL: https://www.nykaafashion.com/voyage-black-round-sunglass-for-unisex-1915mg3622/p/5245220
2025-04-05 12:38:42,332 - nykaa_crawler - INFO - Found product URL: https://www.nykaafashion.com/campus-mike-n-black-running-shoes/p/2311762
2025-04-05 12:38:42,339 - nykaa_crawler - INFO - Found product URL: https://www.nykaafashion.com/threadbare-men-green-bomber-jacket/p/11370266
2025-04-05 12:38:42,348 - nykaa_crawler - INFO - Found product URL: https://www.nykaafashion.com/bullmer-brown-front-and-back-printed-colourblock-baggy-oversized-t-shirt-for-men/p/12209486
2025-04-05 12:38:42,412 - nykaa_crawler - INFO - Visiting category 3/5: https://www.nykaafashion.com/kids/c/6266?root=topnav_1
2025-04-05 12:38:55,962 - nykaa_crawler - INFO - Found product URL: https://www.nykaafashion.com/hopscotch-girls-peach-solid-top-and-shorts-with-headband/p/18884310
2025-04-05 12:38:55,968 - nykaa_crawler - INFO - Found product URL: https://www.nykaafashion.com/a-t-u-n-girls-multi-color-floral-printed-cotton-shirt-dress/p/16938589
2025-04-05 12:38:55,974 - nykaa_crawler - INFO - Found product URL: https://www.nykaafashion.com/piccolo-black-solid-top-with-pants-set-of-2/p/635134
2025-04-05 12:38:55,982 - nykaa_crawler - INFO - Found product URL: https://www.nykaafashion.com/shoetopia-comfortable-tan-doctor-sole-sandals-for-girls/p/18510999
2025-04-05 12:38:55,987 - nykaa_crawler - INFO - Found product URL: https://www.nykaafashion.com/haus-kinder-olly-lily-100percent-cotton-terry-baby-bath-towels-pack-of-2/p/17142235
2025-04-05 12:38:55,994 - nykaa_crawler - INFO - Found product URL: https://www.nykaafashion.com/hopscotch-boys-navy-checkered-sweatshirt-and-joggers-set/p/18905475
2025-04-05 12:38:56,000 - nykaa_crawler - INFO - Found product URL: https://www.nykaafashion.com/pspeaches-off-white-lehenga-choli-set-of-3/p/11650652
2025-04-05 12:38:56,007 - nykaa_crawler - INFO - Found product URL: https://www.nykaafashion.com/stylo-bug-girls-kurta-pant-yellow-set-of-2/p/17079017
2025-04-05 12:38:56,012 - nykaa_crawler - INFO - Found product URL: https://www.nykaafashion.com/titrit-full-sleeves-velvet-embroidered-dhoti-and-kurti-with-dupatta-set-of-3/p/14316975
2025-04-05 12:38:56,018 - nykaa_crawler - INFO - Found product URL: https://www.nykaafashion.com/cherry-jerry-girls-lavender-solid-full-length-jumpsuit-with-belt-set-of-2/p/15155781
2025-04-05 12:38:56,024 - nykaa_crawler - INFO - Found product URL: https://www.nykaafashion.com/liberty-prefect-school-fun-black-velcro-school-shoes/p/18052320
2025-04-05 12:38:56,029 - nykaa_crawler - INFO - Found product URL: https://www.nykaafashion.com/napchief-trucks-aop-t-shirt-shorts-set-of-2/p/13795251
2025-04-05 12:38:56,034 - nykaa_crawler - INFO - Found product URL: https://www.nykaafashion.com/neofaa-girls-tie-dye-multi-color-collar-neck-shirt/p/16261351
2025-04-05 12:38:56,040 - nykaa_crawler - INFO - Found product URL: https://www.nykaafashion.com/mi-arcus-cotton-yellow-top-with-short-for-girls-set-of-2/p/14459957
2025-04-05 12:38:56,045 - nykaa_crawler - INFO - Found product URL: https://www.nykaafashion.com/haus-kinder-olly-lily-100percent-cotton-terry-baby-bath-towels-pack-of-2/p/17142234
2025-04-05 12:38:56,050 - nykaa_crawler - INFO - Found product URL: https://www.nykaafashion.com/bumzee-beige-navy-boys-full-sleeves-shirt-pant-with-suspender-and-cap-set-of-4/p/15987293
2025-04-05 12:38:56,056 - nykaa_crawler - INFO - Found product URL: https://www.nykaafashion.com/little-bansi-girls-embroidery-kurta-with-sharara-dupatta-royal-purple-set-of-3/p/17025277
2025-04-05 12:38:56,061 - nykaa_crawler - INFO - Found product URL: https://www.nykaafashion.com/devils-n-angels-purple-coloured-shimmer-gown-for-girl/p/17258128
2025-04-05 12:38:56,066 - nykaa_crawler - INFO - Found product URL: https://www.nykaafashion.com/anthrilo-summer-purple-t-shirt-floral-leggings-set-of-2/p/15081788
2025-04-05 12:38:56,072 - nykaa_crawler - INFO - Found product URL: https://www.nykaafashion.com/bownbee-girls-kids-wear-printed-kurta-with-harem-pants-dupatta-purple-set-of-3/p/15319773
2025-04-05 12:38:56,078 - nykaa_crawler - INFO - Found product URL: https://www.nykaafashion.com/a-little-fable-lavender-3d-flower-dress/p/12816000
2025-04-05 12:38:56,103 - nykaa_crawler - INFO - Found product URL: https://www.nykaafashion.com/zip-zap-zoop-pink-three-animal-print-full-sleeve-collar-neck-boy-cotton-shirt/p/16774707
2025-04-05 12:38:56,108 - nykaa_crawler - INFO - Found product URL: https://www.nykaafashion.com/hopscotch-girls-black-checkered-blouse-and-skirt-set/p/18905202
2025-04-05 12:38:56,114 - nykaa_crawler - INFO - Found product URL: https://www.nykaafashion.com/piccolo-twisted-front-detail-waist-hollow-out-pleated-dress-rose-gold/p/12147251
2025-04-05 12:38:56,119 - nykaa_crawler - INFO - Found product URL: https://www.nykaafashion.com/shoetopia-girls-red-grey-printed-flatform-heels/p/11451734
2025-04-05 12:38:56,124 - nykaa_crawler - INFO - Found product URL: https://www.nykaafashion.com/a-t-u-n-girls-pink-solid-shoulder-strap-playsuit/p/16938617
2025-04-05 12:38:56,129 - nykaa_crawler - INFO - Found product URL: https://www.nykaafashion.com/pspeaches-off-white-floral-sharara-set-of-3/p/11650683
2025-04-05 12:38:56,135 - nykaa_crawler - INFO - Found product URL: https://www.nykaafashion.com/anthrilo-icecream-short-sleeves-pyjama-blue-set-of-2/p/5894123
2025-04-05 12:38:56,140 - nykaa_crawler - INFO - Found product URL: https://www.nykaafashion.com/little-bansi-blue-jacket-with-frock-sharara-dupatta-with-handwork-set-of-3/p/10443522
2025-04-05 12:38:56,146 - nykaa_crawler - INFO - Found product URL: https://www.nykaafashion.com/stylo-bug-girls-red-solid-ankle-length-top-with-pant-set-of-2/p/17058166
2025-04-05 12:38:56,151 - nykaa_crawler - INFO - Found product URL: https://www.nykaafashion.com/spunkies-black-star-top-new-print-white/p/6309106
2025-04-05 12:38:56,156 - nykaa_crawler - INFO - Found product URL: https://www.nykaafashion.com/be-awara-cotton-half-sleeves-tangerine-tango-t-shirt-shorts-orange-set-of-2/p/17800906
2025-04-05 12:38:56,162 - nykaa_crawler - INFO - Found product URL: https://www.nykaafashion.com/hopscotch-girls-white-and-pink-floral-print-blouse-and-pant-set-with-headband/p/18916674
2025-04-05 12:38:56,168 - nykaa_crawler - INFO - Found product URL: https://www.nykaafashion.com/piccolo-golden-silk-blazer-and-pant-with-belt-set-of-3/p/12147137
2025-04-05 12:38:56,173 - nykaa_crawler - INFO - Found product URL: https://www.nykaafashion.com/pspeaches-floral-layered-dress/p/6863766
2025-04-05 12:38:56,179 - nykaa_crawler - INFO - Found product URL: https://www.nykaafashion.com/a-t-u-n-girls-pink-a-line-sleeveless-casual-dress/p/16938581
2025-04-05 12:38:56,226 - nykaa_crawler - INFO - Visiting category 4/5: https://www.nykaafashion.com/home/c/8528?root=topnav_1
2025-04-05 12:39:10,670 - nykaa_crawler - INFO - Found product URL: https://www.nykaafashion.com/awestuffs-luxury-cosmetic-bag-makeup-bag-portable-waterproof-pu-leather-make-up-bag/p/13864793
2025-04-05 12:39:10,678 - nykaa_crawler - INFO - Found product URL: https://www.nykaafashion.com/bergner-tripro-triply-stainless-steel-4pc-cookware-set-kadai-with-lid-frypan-teapan/p/12132519
2025-04-05 12:39:10,683 - nykaa_crawler - INFO - Found product URL: https://www.nykaafashion.com/wonderchef-nutri-cup-portal-blender-300-ml-stainless-steel-bottle-750-ml-blue-silver/p/12785403
2025-04-05 12:39:10,690 - nykaa_crawler - INFO - Found product URL: https://www.nykaafashion.com/urban-space-3-layer-reversible-microfiber-a-c-blanket-single-bed-france-145-x-225-cm/p/12679913
2025-04-05 12:39:10,696 - nykaa_crawler - INFO - Found product URL: https://www.nykaafashion.com/haus-kinder-floral-grace-186-tc-cotton-double-printed-bedsheet-blue/p/7866945
2025-04-05 12:39:10,703 - nykaa_crawler - INFO - Found product URL: https://www.nykaafashion.com/wonderchef-essenza-multi-function-egg-boiler/p/19651244
2025-04-05 12:39:10,709 - nykaa_crawler - INFO - Found product URL: https://www.nykaafashion.com/the-home-story-6-seater-oval-dining-table-cover-60-x-90-in/p/10871009
2025-04-05 12:39:10,714 - nykaa_crawler - INFO - Found product URL: https://www.nykaafashion.com/kent-dew-humidifier-with-ultrasonic-mist-4l-uv-led-25w-white-115009/p/17738298
2025-04-05 12:39:10,721 - nykaa_crawler - INFO - Found product URL: https://www.nykaafashion.com/candes-florence-rose-gold-48-inch-high-speed-anti-dust-ceiling-fan-1200mm/p/17337786
2025-04-05 12:39:10,784 - nykaa_crawler - INFO - Found product URL: https://www.nykaafashion.com/saral-home-microfiber-multi-purpose-runner-grey-40x140-cm/p/7733503
2025-04-05 12:39:10,791 - nykaa_crawler - INFO - Found product URL: https://www.nykaafashion.com/homesake-modern-small-crystal-table-lamp-white/p/12960711
2025-04-05 12:39:10,798 - nykaa_crawler - INFO - Found product URL: https://www.nykaafashion.com/eco-corner-kerala-map-magnet/p/12351818
2025-04-05 12:39:10,808 - nykaa_crawler - INFO - Found product URL: https://www.nykaafashion.com/blanc9-gulmohar-matlas-floor-cushion-50x50x10-cm/p/17703912
2025-04-05 12:39:10,816 - nykaa_crawler - INFO - Found product URL: https://www.nykaafashion.com/home-affairs-green-floral-220-tc-queen-size-bedsheet-with-2-pillow-covers/p/18062902
2025-04-05 12:39:10,823 - nykaa_crawler - INFO - Found product URL: https://www.nykaafashion.com/haus-kinder-lilac-dream-186-tc-cotton-printed-bedsheet-white-queen/p/12891830
2025-04-05 12:39:10,829 - nykaa_crawler - INFO - Found product URL: https://www.nykaafashion.com/voncasa-spice-jar-8-pcs-set-metal-storage-box-container-bpa-free-300-ml-each/p/12444546
2025-04-05 12:39:10,838 - nykaa_crawler - INFO - Found product URL: https://www.nykaafashion.com/trident-living-comforter-120-gsm-polyester-soft-reversible-comforter-single-rose-dust/p/7667275
2025-04-05 12:39:10,845 - nykaa_crawler - INFO - Found product URL: https://www.nykaafashion.com/indigifts-sipper-water-bottle-bee-happy-printed-aluminium-750ml/p/11923737
2025-04-05 12:39:10,851 - nykaa_crawler - INFO - Found product URL: https://www.nykaafashion.com/glasafe-vego-sip-borosilicate-glass-bottle-with-vegan-sleeve-beige-750ml/p/17340861
2025-04-05 12:39:10,858 - nykaa_crawler - INFO - Found product URL: https://www.nykaafashion.com/ikiriya-sheesham-accent-4-seater-dining-table-with-chair-in-natural-teak-finish-set-of-5/p/17842597
2025-04-05 12:39:10,909 - nykaa_crawler - INFO - Found product URL: https://www.nykaafashion.com/nestasia-tall-insulated-travel-tumbler-with-lid-straw-black/p/17113625
2025-04-05 12:39:10,927 - nykaa_crawler - INFO - Found product URL: https://www.nykaafashion.com/wonderchef-gold-stanton-stainless-steel-casserole-set-3-pieces-3-7l-2-9-l-2-l-1-year-warranty/p/10154105
2025-04-05 12:39:10,933 - nykaa_crawler - INFO - Found product URL: https://www.nykaafashion.com/urban-space-3-layer-reversible-microfiber-a-c-blanket-single-bed-turkey-145-x-225-cm/p/12679921
2025-04-05 12:39:10,945 - nykaa_crawler - INFO - Found product URL: https://www.nykaafashion.com/candes-crystal-vs4100ms-4kva-for-1-5-ton-1-ton-ac-100v-to-285v-voltage-stabilizer/p/16514213
2025-04-05 12:39:10,952 - nykaa_crawler - INFO - Found product URL: https://www.nykaafashion.com/haus-kinder-elegant-blooms-186-tc-cotton-printed-bedsheet-queen/p/12891827
2025-04-05 12:39:10,961 - nykaa_crawler - INFO - Found product URL: https://www.nykaafashion.com/the-home-story-6-seater-oval-dining-table-cover-60-x-90-in/p/10871008
2025-04-05 12:39:10,972 - nykaa_crawler - INFO - Found product URL: https://www.nykaafashion.com/kent-storm-vacuum-cleaner-600w-cyclone-5-technology-and-hepa-filter/p/16006188
2025-04-05 12:39:10,979 - nykaa_crawler - INFO - Found product URL: https://www.nykaafashion.com/awestuffs-luxury-cosmetic-bag-makeup-bag-portable-waterproof-pu-leather-make-up-bag/p/13864791
2025-04-05 12:39:10,986 - nykaa_crawler - INFO - Found product URL: https://www.nykaafashion.com/voncasa-minto-cream-sparkle-20-pieces-dinner-set/p/18866777
2025-04-05 12:39:10,995 - nykaa_crawler - INFO - Found product URL: https://www.nykaafashion.com/mason-home-artificial-jade-ficus-plant-5-5ft-green/p/16274734
2025-04-05 12:39:11,004 - nykaa_crawler - INFO - Found product URL: https://www.nykaafashion.com/estele-foldable-green-jewelry-storage-box-with-mirror-4-layer-dustproof-display-stand/p/18500017
2025-04-05 12:39:11,010 - nykaa_crawler - INFO - Found product URL: https://www.nykaafashion.com/wonderchef-nutri-blend-activ-mixer-grinder-blender-2-unbreakable-jars-500w-red/p/14161794
2025-04-05 12:39:11,018 - nykaa_crawler - INFO - Found product URL: https://www.nykaafashion.com/urban-space-cotton-bedsheet-with-2-pillow-covers-cream-pink/p/10752743
2025-04-05 12:39:11,025 - nykaa_crawler - INFO - Found product URL: https://www.nykaafashion.com/candes-star-blue-48inch-ceiling-fan-with-remote-1200mm/p/17337824
2025-04-05 12:39:11,032 - nykaa_crawler - INFO - Found product URL: https://www.nykaafashion.com/haus-kinder-leafy-oasis-pink-186-tc-cotton-printed-bedsheet-multi-color-queen/p/12891836
2025-04-05 12:39:11,042 - nykaa_crawler - INFO - Found product URL: https://www.nykaafashion.com/kent-gold-optima-gravity-water-purifier-11016-uf-technology-based-non-electric-counter-top-10l/p/8504248
2025-04-05 12:39:11,111 - nykaa_crawler - INFO - Visiting category 5/5: https://www.nykaafashion.com/spring-summer-2025/c/74296?transaction_id=e6a0aee6f252e5a9a6f04e01afad2e32
2025-04-05 12:39:26,618 - nykaa_crawler - INFO - Found product URL: https://www.nykaafashion.com/athena-women-pink-floral-printed-a-line-dress/p/16467137
2025-04-05 12:39:26,623 - nykaa_crawler - INFO - Found product URL: https://www.nykaafashion.com/the-bear-house-mens-brown-relaxed-fit-casual-shirt/p/15982909
2025-04-05 12:39:26,628 - nykaa_crawler - INFO - Found product URL: https://www.nykaafashion.com/jatriqq-attractive-wine-fendy-silk-saree-with-unstitched/p/16310473
2025-04-05 12:39:26,634 - nykaa_crawler - INFO - Found product URL: https://www.nykaafashion.com/sutra-attire-french-pink-printed-chiffon-leheriya-saree-with-unstitched/p/12328437
2025-04-05 12:39:26,639 - nykaa_crawler - INFO - Found product URL: https://www.nykaafashion.com/styli-elbow-self-design-tiered-maxi-dress/p/10749355
2025-04-05 12:39:26,644 - nykaa_crawler - INFO - Found product URL: https://www.nykaafashion.com/rareism-levels-black-printed-trouser-with-belt-set-of-2/p/18091232
2025-04-05 12:39:26,649 - nykaa_crawler - INFO - Found product URL: https://www.nykaafashion.com/kasee-gold-embellished-sequined-pre-drapped-saree-with-unstitched-with-unstitched/p/18251526
2025-04-05 12:39:26,654 - nykaa_crawler - INFO - Found product URL: https://www.nykaafashion.com/poppi-sapphire-printed-one-shoulder-dress/p/17921181
2025-04-05 12:39:26,660 - nykaa_crawler - INFO - Found product URL: https://www.nykaafashion.com/globus-women-red-self-design-sweetheart-neck-top/p/13504224
2025-04-05 12:39:26,665 - nykaa_crawler - INFO - Found product URL: https://www.nykaafashion.com/urban-stree-sahar-suit-set-set-of-3/p/8222605
2025-04-05 12:39:26,670 - nykaa_crawler - INFO - Found product URL: https://www.nykaafashion.com/cider-cowl-neck-solid-glitter-drawstring-maxi-dress/p/17252665
2025-04-05 12:39:26,676 - nykaa_crawler - INFO - Found product URL: https://www.nykaafashion.com/rock-paper-scissors-black-solid-bootcut-gym-tights/p/18107754
2025-04-05 12:39:26,681 - nykaa_crawler - INFO - Found product URL: https://www.nykaafashion.com/baisacrafts-burgundy-green-block-butti-print-kurta-with-pant-dupatta-set-of-3/p/15452283
2025-04-05 12:39:26,686 - nykaa_crawler - INFO - Found product URL: https://www.nykaafashion.com/gahan-yoke-embroidered-sequenced-purple-kurta-with-pant-dupatta-set-of-3/p/16492913
2025-04-05 12:39:26,690 - nykaa_crawler - INFO - Found product URL: https://www.nykaafashion.com/twenty-dresses-by-nykaa-fashion-multi-color-flowers-on-my-tiers-maxi-dress/p/703517
2025-04-05 12:39:26,696 - nykaa_crawler - INFO - Found product URL: https://www.nykaafashion.com/old-marigold-grace-bustier-maxi-sundress/p/16672624
2025-04-05 12:39:26,700 - nykaa_crawler - INFO - Found product URL: https://www.nykaafashion.com/weavllite-cream-silk-blend-embroidered-kurta-set-of-3/p/11108289
2025-04-05 12:39:26,705 - nykaa_crawler - INFO - Found product URL: https://www.nykaafashion.com/kasya-light-pink-embroidered-thread-work-co-ord-set-of-3/p/12845057
2025-04-05 12:39:26,710 - nykaa_crawler - INFO - Found product URL: https://www.nykaafashion.com/campus-sutra-mens-tartan-plaid-button-up-shirt/p/12007913
2025-04-05 12:39:26,715 - nykaa_crawler - INFO - Found product URL: https://www.nykaafashion.com/sew-baby-pink-sequence-embroidered-kurta-with-palazzo-and-dupatta-set-of-3/p/18366662
2025-04-05 12:39:26,720 - nykaa_crawler - INFO - Found product URL: https://www.nykaafashion.com/globus-women-white-self-design-bodycon-lace-dress/p/12052396
2025-04-05 12:39:26,725 - nykaa_crawler - INFO - Found product URL: https://www.nykaafashion.com/athena-women-solid-half-sleeves-black-top/p/16347842
2025-04-05 12:39:26,730 - nykaa_crawler - INFO - Found product URL: https://www.nykaafashion.com/twenty-dresses-by-nykaa-fashion-bottle-green-solid-v-neck-bishop-sleeves-top/p/16805998
2025-04-05 12:39:26,735 - nykaa_crawler - INFO - Found product URL: https://www.nykaafashion.com/styli-brown-button-detail-maxi-dress-with-self-tie-belt-set-of-2/p/10499024
2025-04-05 12:39:26,740 - nykaa_crawler - INFO - Found product URL: https://www.nykaafashion.com/libas-solid-burgundy-kurta-and-pant-set-of-2/p/16270261
2025-04-05 12:39:26,745 - nykaa_crawler - INFO - Found product URL: https://www.nykaafashion.com/cider-cotton-blend-mid-rise-houndstooth-maxi-skirt-with-belt/p/18707843
2025-04-05 12:39:26,750 - nykaa_crawler - INFO - Found product URL: https://www.nykaafashion.com/stylum-orange-solid-anarkali-with-pant-and-dupatta-set-of-3/p/17071431
2025-04-05 12:39:26,755 - nykaa_crawler - INFO - Found product URL: https://www.nykaafashion.com/ahalyaa-wine-gold-toned-sequinned-print-ready-to-wear-lehenga-blouse-with-dupatta-set-of-3/p/12546100
2025-04-05 12:39:26,761 - nykaa_crawler - INFO - Found product URL: https://www.nykaafashion.com/anjaneya-sarees-beige-woven-designer-banarasi-silk-kanjivaram-saree-with-unstitched-blouse/p/18169666
2025-04-05 12:39:26,766 - nykaa_crawler - INFO - Found product URL: https://www.nykaafashion.com/style-quotient-women-sage-green-self-design-polyester-regular-smart-casual-top/p/10498005
2025-04-05 12:39:26,771 - nykaa_crawler - INFO - Found product URL: https://www.nykaafashion.com/twenty-dresses-by-nykaa-fashion-party-red-lace-textured-tube-neck-midi-dress/p/17456444
2025-04-05 12:39:26,776 - nykaa_crawler - INFO - Found product URL: https://www.nykaafashion.com/styli-white-broderie-detail-lace-insert-a-line-maxi-dress/p/11967131
2025-04-05 12:39:26,781 - nykaa_crawler - INFO - Found product URL: https://www.nykaafashion.com/house-of-jamoti-off-white-chikankari-kurta-set-of-3/p/8643701
2025-04-05 12:39:26,786 - nykaa_crawler - INFO - Found product URL: https://www.nykaafashion.com/miss-chase-women-yellow-white-v-neck-full-sleeve-floral-layered-maxi-dress/p/5524043
2025-04-05 12:39:26,791 - nykaa_crawler - INFO - Found product URL: https://www.nykaafashion.com/stylum-pink-shoulder-straps-embroidered-kurti-with-dhoti-pant-set-of-2/p/19054986
2025-04-05 12:39:26,796 - nykaa_crawler - INFO - Found product URL: https://www.nykaafashion.com/peach-panda-black-white-monochrome-godet-panel-maxi-dress/p/16935308
2025-04-05 12:39:26,860 - nykaa_crawler - INFO - Found 180 product URLs from categories
2025-04-05 12:39:26,860 - nykaa_crawler - INFO - Searching for: dress
